# JRE version: OpenJDK Runtime Environment (21.0.3) (build 21.0.3+-12282718-b509.11)
# Java VM: OpenJDK 64-Bit Server VM (21.0.3+-12282718-b509.11, mixed mode, tiered, compressed oops, compressed class ptrs, g1 gc, linux-amd64)
GC Precious Log:
 CardTable entry size: 512
 Card Set container configuration: InlinePtr #cards 5 size 8 Array Of Cards #cards 12 size 40 Howl #buckets 4 coarsen threshold 1843 Howl Bitmap #cards 512 size 80 coarsen threshold 460 Card regions per heap region 1 cards per card region 2048
 CPUs: 4 total, 4 available
 Memory: 7837M
 Large Page Support: Disabled
 NUMA Support: Disabled
 Compressed Oops: Enabled (32-bit)
 Heap Region Size: 1M
 Heap Min Capacity: 8M
 Heap Initial Capacity: 124M
 Heap Max Capacity: 2G
 Pre-touch: Disabled
 Parallel Workers: 4
 Concurrent Workers: 1
 Concurrent Refinement Workers: 4
 Periodic GC: Disabled
Heap:
 garbage-first heap   total 86016K, used 27158K [0x0000000080000000, 0x0000000100000000)
  region size 1024K, 7 young (7168K), 5 survivors (5120K)
 Metaspace       used 35600K, committed 36480K, reserved 1114112K
  class space    used 4870K, committed 5312K, reserved 1048576K
GC Heap History (12 events):
Event: 0.375 GC heap before
{Heap before GC invocations=0 (full 0):
 garbage-first heap   total 126976K, used 13312K [0x0000000080000000, 0x0000000100000000)
  region size 1024K, 13 young (13312K), 0 survivors (0K)
 Metaspace       used 7243K, committed 7360K, reserved 1114112K
  class space    used 663K, committed 704K, reserved 1048576K
}
Event: 0.382 GC heap after
{Heap after GC invocations=1 (full 0):
 garbage-first heap   total 126976K, used 1152K [0x0000000080000000, 0x0000000100000000)
  region size 1024K, 2 young (2048K), 2 survivors (2048K)
 Metaspace       used 7243K, committed 7360K, reserved 1114112K
  class space    used 663K, committed 704K, reserved 1048576K
}
Event: 1.181 GC heap before
{Heap before GC invocations=1 (full 0):
 garbage-first heap   total 126976K, used 27776K [0x0000000080000000, 0x0000000100000000)
  region size 1024K, 26 young (26624K), 2 survivors (2048K)
 Metaspace       used 11610K, committed 11840K, reserved 1114112K
  class space    used 1246K, committed 1344K, reserved 1048576K
}
Event: 1.191 GC heap after
{Heap after GC invocations=2 (full 0):
 garbage-first heap   total 126976K, used 10369K [0x0000000080000000, 0x0000000100000000)
  region size 1024K, 4 young (4096K), 4 survivors (4096K)
 Metaspace       used 11610K, committed 11840K, reserved 1114112K
  class space    used 1246K, committed 1344K, reserved 1048576K
}
Event: 2.548 GC heap before
{Heap before GC invocations=2 (full 0):
 garbage-first heap   total 126976K, used 76929K [0x0000000080000000, 0x0000000100000000)
  region size 1024K, 69 young (70656K), 4 survivors (4096K)
 Metaspace       used 21189K, committed 21504K, reserved 1114112K
  class space    used 2489K, committed 2688K, reserved 1048576K
}
Event: 2.562 GC heap after
{Heap after GC invocations=3 (full 0):
 garbage-first heap   total 126976K, used 18799K [0x0000000080000000, 0x0000000100000000)
  region size 1024K, 10 young (10240K), 10 survivors (10240K)
 Metaspace       used 21189K, committed 21504K, reserved 1114112K
  class space    used 2489K, committed 2688K, reserved 1048576K
}
Event: 3.287 GC heap before
{Heap before GC invocations=4 (full 0):
 garbage-first heap   total 71680K, used 45423K [0x0000000080000000, 0x0000000100000000)
  region size 1024K, 36 young (36864K), 10 survivors (10240K)
 Metaspace       used 25971K, committed 26496K, reserved 1114112K
  class space    used 3231K, committed 3456K, reserved 1048576K
}
Event: 3.310 GC heap after
{Heap after GC invocations=5 (full 0):
 garbage-first heap   total 71680K, used 20953K [0x0000000080000000, 0x0000000100000000)
  region size 1024K, 2 young (2048K), 2 survivors (2048K)
 Metaspace       used 25971K, committed 26496K, reserved 1114112K
  class space    used 3231K, committed 3456K, reserved 1048576K
}
Event: 4.095 GC heap before
{Heap before GC invocations=5 (full 0):
 garbage-first heap   total 71680K, used 52697K [0x0000000080000000, 0x0000000100000000)
  region size 1024K, 34 young (34816K), 2 survivors (2048K)
 Metaspace       used 30285K, committed 30976K, reserved 1114112K
  class space    used 4003K, committed 4352K, reserved 1048576K
}
Event: 4.102 GC heap after
{Heap after GC invocations=6 (full 0):
 garbage-first heap   total 86016K, used 23842K [0x0000000080000000, 0x0000000100000000)
  region size 1024K, 4 young (4096K), 4 survivors (4096K)
 Metaspace       used 30285K, committed 30976K, reserved 1114112K
  class space    used 4003K, committed 4352K, reserved 1048576K
}
Event: 5.245 GC heap before
{Heap before GC invocations=6 (full 0):
 garbage-first heap   total 86016K, used 59682K [0x0000000080000000, 0x0000000100000000)
  region size 1024K, 40 young (40960K), 4 survivors (4096K)
 Metaspace       used 35367K, committed 36160K, reserved 1114112K
  class space    used 4831K, committed 5248K, reserved 1048576K
}
Event: 5.257 GC heap after
{Heap after GC invocations=7 (full 0):
 garbage-first heap   total 86016K, used 26134K [0x0000000080000000, 0x0000000100000000)
  region size 1024K, 5 young (5120K), 5 survivors (5120K)
 Metaspace       used 35367K, committed 36160K, reserved 1114112K
  class space    used 4831K, committed 5248K, reserved 1048576K
}

