# JRE version: OpenJDK Runtime Environment (21.0.3) (build 21.0.3+-12282718-b509.11)
# Java VM: OpenJDK 64-Bit Server VM (21.0.3+-12282718-b509.11, mixed mode, tiered, compressed oops, compressed class ptrs, g1 gc, linux-amd64)
GC Precious Log:
 CardTable entry size: 512
 Card Set container configuration: InlinePtr #cards 5 size 8 Array Of Cards #cards 12 size 40 Howl #buckets 4 coarsen threshold 1843 Howl Bitmap #cards 512 size 80 coarsen threshold 460 Card regions per heap region 1 cards per card region 2048
 CPUs: 4 total, 4 available
 Memory: 7837M
 Large Page Support: Disabled
 NUMA Support: Disabled
 Compressed Oops: Enabled (32-bit)
 Heap Region Size: 1M
 Heap Min Capacity: 8M
 Heap Initial Capacity: 124M
 Heap Max Capacity: 2G
 Pre-touch: Disabled
 Parallel Workers: 4
 Concurrent Workers: 1
 Concurrent Refinement Workers: 4
 Periodic GC: Disabled
Heap:
 garbage-first heap   total 189440K, used 165958K [0x0000000080000000, 0x0000000100000000)
  region size 1024K, 79 young (80896K), 10 survivors (10240K)
 Metaspace       used 105161K, committed 107200K, reserved 1179648K
  class space    used 14519K, committed 15552K, reserved 1048576K
GC Heap History (20 events):
Event: 12.821 GC heap after
{Heap after GC invocations=22 (full 0):
 garbage-first heap   total 145408K, used 66474K [0x0000000080000000, 0x0000000100000000)
  region size 1024K, 6 young (6144K), 6 survivors (6144K)
 Metaspace       used 67976K, committed 69696K, reserved 1114112K
  class space    used 9414K, committed 10304K, reserved 1048576K
}
Event: 13.854 GC heap before
{Heap before GC invocations=22 (full 0):
 garbage-first heap   total 145408K, used 126890K [0x0000000080000000, 0x0000000100000000)
  region size 1024K, 64 young (65536K), 6 survivors (6144K)
 Metaspace       used 73732K, committed 75456K, reserved 1114112K
  class space    used 10084K, committed 10944K, reserved 1048576K
}
Event: 13.864 GC heap after
{Heap after GC invocations=23 (full 0):
 garbage-first heap   total 145408K, used 71832K [0x0000000080000000, 0x0000000100000000)
  region size 1024K, 3 young (3072K), 3 survivors (3072K)
 Metaspace       used 73732K, committed 75456K, reserved 1114112K
  class space    used 10084K, committed 10944K, reserved 1048576K
}
Event: 14.897 GC heap before
{Heap before GC invocations=23 (full 0):
 garbage-first heap   total 145408K, used 122008K [0x0000000080000000, 0x0000000100000000)
  region size 1024K, 53 young (54272K), 3 survivors (3072K)
 Metaspace       used 79913K, committed 81728K, reserved 1179648K
  class space    used 10872K, committed 11776K, reserved 1048576K
}
Event: 14.904 GC heap after
{Heap after GC invocations=24 (full 0):
 garbage-first heap   total 145408K, used 75256K [0x0000000080000000, 0x0000000100000000)
  region size 1024K, 6 young (6144K), 6 survivors (6144K)
 Metaspace       used 79913K, committed 81728K, reserved 1179648K
  class space    used 10872K, committed 11776K, reserved 1048576K
}
Event: 14.927 GC heap before
{Heap before GC invocations=24 (full 0):
 garbage-first heap   total 145408K, used 80376K [0x0000000080000000, 0x0000000100000000)
  region size 1024K, 11 young (11264K), 6 survivors (6144K)
 Metaspace       used 79913K, committed 81728K, reserved 1179648K
  class space    used 10872K, committed 11776K, reserved 1048576K
}
Event: 14.938 GC heap after
{Heap after GC invocations=25 (full 0):
 garbage-first heap   total 145408K, used 78568K [0x0000000080000000, 0x0000000100000000)
  region size 1024K, 6 young (6144K), 6 survivors (6144K)
 Metaspace       used 79913K, committed 81728K, reserved 1179648K
  class space    used 10872K, committed 11776K, reserved 1048576K
}
Event: 15.572 GC heap before
{Heap before GC invocations=26 (full 0):
 garbage-first heap   total 153600K, used 118504K [0x0000000080000000, 0x0000000100000000)
  region size 1024K, 41 young (41984K), 6 survivors (6144K)
 Metaspace       used 82095K, committed 83968K, reserved 1179648K
  class space    used 11181K, committed 12096K, reserved 1048576K
}
Event: 15.585 GC heap after
{Heap after GC invocations=27 (full 0):
 garbage-first heap   total 153600K, used 80355K [0x0000000080000000, 0x0000000100000000)
  region size 1024K, 5 young (5120K), 5 survivors (5120K)
 Metaspace       used 82095K, committed 83968K, reserved 1179648K
  class space    used 11181K, committed 12096K, reserved 1048576K
}
Event: 16.587 GC heap before
{Heap before GC invocations=27 (full 0):
 garbage-first heap   total 153600K, used 124387K [0x0000000080000000, 0x0000000100000000)
  region size 1024K, 48 young (49152K), 5 survivors (5120K)
 Metaspace       used 86813K, committed 88704K, reserved 1179648K
  class space    used 11787K, committed 12736K, reserved 1048576K
}
Event: 16.600 GC heap after
{Heap after GC invocations=28 (full 0):
 garbage-first heap   total 153600K, used 82625K [0x0000000080000000, 0x0000000100000000)
  region size 1024K, 5 young (5120K), 5 survivors (5120K)
 Metaspace       used 86813K, committed 88704K, reserved 1179648K
  class space    used 11787K, committed 12736K, reserved 1048576K
}
Event: 17.326 GC heap before
{Heap before GC invocations=28 (full 0):
 garbage-first heap   total 153600K, used 123585K [0x0000000080000000, 0x0000000100000000)
  region size 1024K, 46 young (47104K), 5 survivors (5120K)
 Metaspace       used 90098K, committed 92032K, reserved 1179648K
  class space    used 12227K, committed 13184K, reserved 1048576K
}
Event: 17.335 GC heap after
{Heap after GC invocations=29 (full 0):
 garbage-first heap   total 153600K, used 84201K [0x0000000080000000, 0x0000000100000000)
  region size 1024K, 4 young (4096K), 4 survivors (4096K)
 Metaspace       used 90098K, committed 92032K, reserved 1179648K
  class space    used 12227K, committed 13184K, reserved 1048576K
}
Event: 18.180 GC heap before
{Heap before GC invocations=30 (full 0):
 garbage-first heap   total 157696K, used 134377K [0x0000000080000000, 0x0000000100000000)
  region size 1024K, 50 young (51200K), 4 survivors (4096K)
 Metaspace       used 91230K, committed 93120K, reserved 1179648K
  class space    used 12403K, committed 13376K, reserved 1048576K
}
Event: 18.196 GC heap after
{Heap after GC invocations=31 (full 0):
 garbage-first heap   total 157696K, used 91488K [0x0000000080000000, 0x0000000100000000)
  region size 1024K, 7 young (7168K), 7 survivors (7168K)
 Metaspace       used 91230K, committed 93120K, reserved 1179648K
  class space    used 12403K, committed 13376K, reserved 1048576K
}
Event: 18.941 GC heap before
{Heap before GC invocations=31 (full 0):
 garbage-first heap   total 157696K, used 138592K [0x0000000080000000, 0x0000000100000000)
  region size 1024K, 52 young (53248K), 7 survivors (7168K)
 Metaspace       used 94941K, committed 96896K, reserved 1179648K
  class space    used 12895K, committed 13888K, reserved 1048576K
}
Event: 18.974 GC heap after
{Heap after GC invocations=32 (full 0):
 garbage-first heap   total 189440K, used 94676K [0x0000000080000000, 0x0000000100000000)
  region size 1024K, 4 young (4096K), 4 survivors (4096K)
 Metaspace       used 94941K, committed 96896K, reserved 1179648K
  class space    used 12895K, committed 13888K, reserved 1048576K
}
Event: 20.044 GC heap before
{Heap before GC invocations=32 (full 0):
 garbage-first heap   total 189440K, used 160212K [0x0000000080000000, 0x0000000100000000)
  region size 1024K, 68 young (69632K), 4 survivors (4096K)
 Metaspace       used 100273K, committed 102336K, reserved 1179648K
  class space    used 13809K, committed 14848K, reserved 1048576K
}
Event: 20.055 GC heap after
{Heap after GC invocations=33 (full 0):
 garbage-first heap   total 189440K, used 95302K [0x0000000080000000, 0x0000000100000000)
  region size 1024K, 5 young (5120K), 5 survivors (5120K)
 Metaspace       used 100273K, committed 102336K, reserved 1179648K
  class space    used 13809K, committed 14848K, reserved 1048576K
}
Event: 21.313 GC heap before
{Heap before GC invocations=33 (full 0):
 garbage-first heap   total 189440K, used 165958K [0x0000000080000000, 0x0000000100000000)
  region size 1024K, 74 young (75776K), 5 survivors (5120K)
 Metaspace       used 105161K, committed 107200K, reserved 1179648K
  class space    used 14519K, committed 15552K, reserved 1048576K
}

